{"/home/kabirdas/Odin/battleship/src/adapter.js": {"path":"/home/kabirdas/Odin/battleship/src/adapter.js","statementMap":{"0":{"start":{"line":7,"column":4},"end":{"line":7,"column":30}},"1":{"start":{"line":11,"column":18},"end":{"line":23,"column":2}},"2":{"start":{"line":25,"column":22},"end":{"line":25,"column":54}},"3":{"start":{"line":26,"column":0},"end":{"line":26,"column":54}},"4":{"start":{"line":28,"column":24},"end":{"line":28,"column":55}},"5":{"start":{"line":30,"column":28},"end":{"line":33,"column":1}},"6":{"start":{"line":35,"column":20},"end":{"line":39,"column":2}},"7":{"start":{"line":41,"column":0},"end":{"line":41,"column":8}},"8":{"start":{"line":44,"column":1},"end":{"line":44,"column":38}},"9":{"start":{"line":45,"column":1},"end":{"line":45,"column":39}},"10":{"start":{"line":46,"column":1},"end":{"line":46,"column":19}},"11":{"start":{"line":47,"column":1},"end":{"line":47,"column":19}},"12":{"start":{"line":48,"column":1},"end":{"line":48,"column":28}},"13":{"start":{"line":49,"column":1},"end":{"line":49,"column":26}},"14":{"start":{"line":50,"column":1},"end":{"line":50,"column":16}},"15":{"start":{"line":51,"column":1},"end":{"line":51,"column":21}},"16":{"start":{"line":57,"column":1},"end":{"line":57,"column":16}},"17":{"start":{"line":58,"column":1},"end":{"line":58,"column":22}},"18":{"start":{"line":59,"column":1},"end":{"line":59,"column":33}},"19":{"start":{"line":60,"column":1},"end":{"line":60,"column":20}},"20":{"start":{"line":61,"column":1},"end":{"line":61,"column":30}},"21":{"start":{"line":67,"column":1},"end":{"line":74,"column":3}},"22":{"start":{"line":75,"column":1},"end":{"line":75,"column":52}},"23":{"start":{"line":76,"column":1},"end":{"line":76,"column":28}},"24":{"start":{"line":77,"column":1},"end":{"line":77,"column":19}},"25":{"start":{"line":78,"column":1},"end":{"line":86,"column":2}},"26":{"start":{"line":79,"column":2},"end":{"line":79,"column":32}},"27":{"start":{"line":80,"column":2},"end":{"line":80,"column":34}},"28":{"start":{"line":81,"column":2},"end":{"line":81,"column":21}},"29":{"start":{"line":82,"column":8},"end":{"line":86,"column":2}},"30":{"start":{"line":83,"column":2},"end":{"line":83,"column":31}},"31":{"start":{"line":84,"column":2},"end":{"line":84,"column":28}},"32":{"start":{"line":85,"column":2},"end":{"line":85,"column":21}},"33":{"start":{"line":92,"column":1},"end":{"line":92,"column":69}},"34":{"start":{"line":93,"column":1},"end":{"line":93,"column":26}},"35":{"start":{"line":94,"column":1},"end":{"line":101,"column":2}},"36":{"start":{"line":95,"column":2},"end":{"line":95,"column":32}},"37":{"start":{"line":96,"column":2},"end":{"line":96,"column":21}},"38":{"start":{"line":97,"column":8},"end":{"line":101,"column":2}},"39":{"start":{"line":98,"column":2},"end":{"line":98,"column":31}},"40":{"start":{"line":99,"column":2},"end":{"line":99,"column":22}},"41":{"start":{"line":100,"column":2},"end":{"line":100,"column":21}},"42":{"start":{"line":105,"column":26},"end":{"line":105,"column":28}},"43":{"start":{"line":108,"column":20},"end":{"line":108,"column":27}},"44":{"start":{"line":109,"column":20},"end":{"line":109,"column":30}},"45":{"start":{"line":110,"column":1},"end":{"line":114,"column":2}},"46":{"start":{"line":110,"column":14},"end":{"line":110,"column":15}},"47":{"start":{"line":111,"column":2},"end":{"line":111,"column":35}},"48":{"start":{"line":112,"column":2},"end":{"line":112,"column":34}},"49":{"start":{"line":113,"column":2},"end":{"line":113,"column":32}},"50":{"start":{"line":115,"column":1},"end":{"line":115,"column":38}},"51":{"start":{"line":119,"column":16},"end":{"line":119,"column":39}},"52":{"start":{"line":120,"column":16},"end":{"line":120,"column":39}},"53":{"start":{"line":121,"column":14},"end":{"line":121,"column":57}},"54":{"start":{"line":122,"column":15},"end":{"line":122,"column":68}},"55":{"start":{"line":123,"column":16},"end":{"line":123,"column":31}},"56":{"start":{"line":124,"column":19},"end":{"line":124,"column":42}},"57":{"start":{"line":125,"column":1},"end":{"line":125,"column":60}},"58":{"start":{"line":131,"column":1},"end":{"line":141,"column":2}},"59":{"start":{"line":132,"column":2},"end":{"line":132,"column":66}},"60":{"start":{"line":133,"column":2},"end":{"line":134,"column":67}},"61":{"start":{"line":136,"column":2},"end":{"line":140,"column":17}},"62":{"start":{"line":140,"column":7},"end":{"line":140,"column":17}},"63":{"start":{"line":147,"column":1},"end":{"line":147,"column":47}},"64":{"start":{"line":148,"column":1},"end":{"line":151,"column":3}},"65":{"start":{"line":155,"column":16},"end":{"line":155,"column":48}},"66":{"start":{"line":156,"column":1},"end":{"line":158,"column":4}},"67":{"start":{"line":157,"column":2},"end":{"line":157,"column":20}},"68":{"start":{"line":159,"column":1},"end":{"line":159,"column":15}},"69":{"start":{"line":163,"column":15},"end":{"line":163,"column":17}},"70":{"start":{"line":164,"column":1},"end":{"line":169,"column":2}},"71":{"start":{"line":164,"column":14},"end":{"line":164,"column":15}},"72":{"start":{"line":165,"column":2},"end":{"line":165,"column":17}},"73":{"start":{"line":166,"column":2},"end":{"line":168,"column":3}},"74":{"start":{"line":166,"column":15},"end":{"line":166,"column":16}},"75":{"start":{"line":167,"column":3},"end":{"line":167,"column":41}},"76":{"start":{"line":170,"column":1},"end":{"line":170,"column":14}},"77":{"start":{"line":174,"column":16},"end":{"line":174,"column":45}},"78":{"start":{"line":175,"column":1},"end":{"line":175,"column":33}},"79":{"start":{"line":176,"column":1},"end":{"line":178,"column":3}},"80":{"start":{"line":177,"column":2},"end":{"line":177,"column":48}},"81":{"start":{"line":177,"column":29},"end":{"line":177,"column":48}},"82":{"start":{"line":179,"column":1},"end":{"line":181,"column":4}},"83":{"start":{"line":180,"column":2},"end":{"line":180,"column":60}},"84":{"start":{"line":180,"column":35},"end":{"line":180,"column":60}},"85":{"start":{"line":182,"column":1},"end":{"line":184,"column":4}},"86":{"start":{"line":183,"column":2},"end":{"line":183,"column":61}},"87":{"start":{"line":183,"column":35},"end":{"line":183,"column":61}},"88":{"start":{"line":185,"column":1},"end":{"line":185,"column":15}},"89":{"start":{"line":188,"column":0},"end":{"line":202,"column":2}},"90":{"start":{"line":191,"column":2},"end":{"line":191,"column":39}},"91":{"start":{"line":194,"column":2},"end":{"line":194,"column":47}},"92":{"start":{"line":199,"column":2},"end":{"line":199,"column":20}}},"fnMap":{"0":{"name":"reset","decl":{"start":{"line":43,"column":9},"end":{"line":43,"column":14}},"loc":{"start":{"line":43,"column":17},"end":{"line":52,"column":1}},"line":43},"1":{"name":"startNewGame","decl":{"start":{"line":56,"column":9},"end":{"line":56,"column":21}},"loc":{"start":{"line":56,"column":24},"end":{"line":62,"column":1}},"line":56},"2":{"name":"submitPlayerInfo","decl":{"start":{"line":66,"column":9},"end":{"line":66,"column":25}},"loc":{"start":{"line":66,"column":28},"end":{"line":87,"column":1}},"line":66},"3":{"name":"submitShipPlacementInfo","decl":{"start":{"line":91,"column":9},"end":{"line":91,"column":32}},"loc":{"start":{"line":91,"column":35},"end":{"line":102,"column":1}},"line":91},"4":{"name":"addShipLocation","decl":{"start":{"line":107,"column":9},"end":{"line":107,"column":24}},"loc":{"start":{"line":107,"column":57},"end":{"line":116,"column":1}},"line":107},"5":{"name":"submitShipCreation","decl":{"start":{"line":118,"column":9},"end":{"line":118,"column":27}},"loc":{"start":{"line":118,"column":34},"end":{"line":126,"column":1}},"line":118},"6":{"name":"submitAttack","decl":{"start":{"line":130,"column":9},"end":{"line":130,"column":21}},"loc":{"start":{"line":130,"column":28},"end":{"line":142,"column":1}},"line":130},"7":{"name":"updateNextButton","decl":{"start":{"line":146,"column":9},"end":{"line":146,"column":25}},"loc":{"start":{"line":146,"column":28},"end":{"line":152,"column":1}},"line":146},"8":{"name":"createTypeSelectButton","decl":{"start":{"line":154,"column":9},"end":{"line":154,"column":31}},"loc":{"start":{"line":154,"column":38},"end":{"line":160,"column":1}},"line":154},"9":{"name":"(anonymous_9)","decl":{"start":{"line":156,"column":34},"end":{"line":156,"column":35}},"loc":{"start":{"line":156,"column":40},"end":{"line":158,"column":2}},"line":156},"10":{"name":"createBoard","decl":{"start":{"line":162,"column":9},"end":{"line":162,"column":20}},"loc":{"start":{"line":162,"column":36},"end":{"line":171,"column":1}},"line":162},"11":{"name":"createBoardSquare","decl":{"start":{"line":173,"column":9},"end":{"line":173,"column":26}},"loc":{"start":{"line":173,"column":33},"end":{"line":186,"column":1}},"line":173},"12":{"name":"(anonymous_12)","decl":{"start":{"line":176,"column":34},"end":{"line":176,"column":35}},"loc":{"start":{"line":176,"column":40},"end":{"line":178,"column":2}},"line":176},"13":{"name":"(anonymous_13)","decl":{"start":{"line":179,"column":36},"end":{"line":179,"column":37}},"loc":{"start":{"line":179,"column":42},"end":{"line":181,"column":2}},"line":179},"14":{"name":"(anonymous_14)","decl":{"start":{"line":182,"column":38},"end":{"line":182,"column":39}},"loc":{"start":{"line":182,"column":44},"end":{"line":184,"column":2}},"line":182},"15":{"name":"(anonymous_15)","decl":{"start":{"line":190,"column":1},"end":{"line":190,"column":2}},"loc":{"start":{"line":190,"column":19},"end":{"line":192,"column":2}},"line":190},"16":{"name":"(anonymous_16)","decl":{"start":{"line":193,"column":1},"end":{"line":193,"column":2}},"loc":{"start":{"line":193,"column":13},"end":{"line":195,"column":2}},"line":193},"17":{"name":"(anonymous_17)","decl":{"start":{"line":198,"column":1},"end":{"line":198,"column":2}},"loc":{"start":{"line":198,"column":18},"end":{"line":200,"column":2}},"line":198}},"branchMap":{"0":{"loc":{"start":{"line":78,"column":1},"end":{"line":86,"column":2}},"type":"if","locations":[{"start":{"line":78,"column":1},"end":{"line":86,"column":2}},{"start":{"line":78,"column":1},"end":{"line":86,"column":2}}],"line":78},"1":{"loc":{"start":{"line":82,"column":8},"end":{"line":86,"column":2}},"type":"if","locations":[{"start":{"line":82,"column":8},"end":{"line":86,"column":2}},{"start":{"line":82,"column":8},"end":{"line":86,"column":2}}],"line":82},"2":{"loc":{"start":{"line":94,"column":1},"end":{"line":101,"column":2}},"type":"if","locations":[{"start":{"line":94,"column":1},"end":{"line":101,"column":2}},{"start":{"line":94,"column":1},"end":{"line":101,"column":2}}],"line":94},"3":{"loc":{"start":{"line":97,"column":8},"end":{"line":101,"column":2}},"type":"if","locations":[{"start":{"line":97,"column":8},"end":{"line":101,"column":2}},{"start":{"line":97,"column":8},"end":{"line":101,"column":2}}],"line":97},"4":{"loc":{"start":{"line":121,"column":14},"end":{"line":121,"column":57}},"type":"cond-expr","locations":[{"start":{"line":121,"column":52},"end":{"line":121,"column":53}},{"start":{"line":121,"column":56},"end":{"line":121,"column":57}}],"line":121},"5":{"loc":{"start":{"line":122,"column":15},"end":{"line":122,"column":68}},"type":"cond-expr","locations":[{"start":{"line":122,"column":53},"end":{"line":122,"column":59}},{"start":{"line":122,"column":62},"end":{"line":122,"column":68}}],"line":122},"6":{"loc":{"start":{"line":134,"column":3},"end":{"line":134,"column":66}},"type":"cond-expr","locations":[{"start":{"line":134,"column":36},"end":{"line":134,"column":50}},{"start":{"line":134,"column":53},"end":{"line":134,"column":66}}],"line":134},"7":{"loc":{"start":{"line":136,"column":2},"end":{"line":140,"column":17}},"type":"if","locations":[{"start":{"line":136,"column":2},"end":{"line":140,"column":17}},{"start":{"line":136,"column":2},"end":{"line":140,"column":17}}],"line":136},"8":{"loc":{"start":{"line":137,"column":3},"end":{"line":138,"column":45}},"type":"binary-expr","locations":[{"start":{"line":137,"column":3},"end":{"line":137,"column":25}},{"start":{"line":138,"column":3},"end":{"line":138,"column":45}}],"line":137},"9":{"loc":{"start":{"line":177,"column":2},"end":{"line":177,"column":48}},"type":"if","locations":[{"start":{"line":177,"column":2},"end":{"line":177,"column":48}},{"start":{"line":177,"column":2},"end":{"line":177,"column":48}}],"line":177},"10":{"loc":{"start":{"line":180,"column":2},"end":{"line":180,"column":60}},"type":"if","locations":[{"start":{"line":180,"column":2},"end":{"line":180,"column":60}},{"start":{"line":180,"column":2},"end":{"line":180,"column":60}}],"line":180},"11":{"loc":{"start":{"line":183,"column":2},"end":{"line":183,"column":61}},"type":"if","locations":[{"start":{"line":183,"column":2},"end":{"line":183,"column":61}},{"start":{"line":183,"column":2},"end":{"line":183,"column":61}}],"line":183}},"s":{"0":1,"1":1,"2":1,"3":1,"4":1,"5":1,"6":1,"7":1,"8":19,"9":19,"10":19,"11":19,"12":19,"13":19,"14":19,"15":19,"16":17,"17":17,"18":17,"19":17,"20":17,"21":25,"22":25,"23":25,"24":25,"25":25,"26":13,"27":13,"28":13,"29":12,"30":12,"31":12,"32":12,"33":16,"34":16,"35":16,"36":9,"37":9,"38":7,"39":7,"40":7,"41":7,"42":1,"43":128,"44":128,"45":128,"46":128,"47":234,"48":234,"49":234,"50":128,"51":128,"52":128,"53":128,"54":128,"55":128,"56":128,"57":128,"58":12,"59":12,"60":11,"61":1,"62":0,"63":58,"64":58,"65":2,"66":2,"67":25,"68":2,"69":25,"70":25,"71":25,"72":250,"73":250,"74":250,"75":2500,"76":25,"77":2500,"78":2500,"79":2500,"80":112,"81":12,"82":2500,"83":128,"84":128,"85":2500,"86":128,"87":128,"88":2500,"89":1,"90":13,"91":5,"92":42},"f":{"0":19,"1":17,"2":25,"3":16,"4":128,"5":128,"6":12,"7":58,"8":2,"9":25,"10":25,"11":2500,"12":112,"13":128,"14":128,"15":13,"16":5,"17":42},"b":{"0":[13,12],"1":[12,0],"2":[9,7],"3":[7,0],"4":[109,19],"5":[109,19],"6":[7,4],"7":[1,0],"8":[1,1],"9":[12,100],"10":[128,0],"11":[128,0]},"_coverageSchema":"1a1c01bbd47fc00a2c39e90264f33305004495a9","hash":"4510a488985c197379e8e8b267ef284216084402"}
,"/home/kabirdas/Odin/battleship/src/battleship.js": {"path":"/home/kabirdas/Odin/battleship/src/battleship.js","statementMap":{"0":{"start":{"line":3,"column":22},"end":{"line":14,"column":1}},"1":{"start":{"line":5,"column":2},"end":{"line":8,"column":22}},"2":{"start":{"line":6,"column":3},"end":{"line":6,"column":21}},"3":{"start":{"line":7,"column":3},"end":{"line":7,"column":15}},"4":{"start":{"line":8,"column":9},"end":{"line":8,"column":22}},"5":{"start":{"line":12,"column":2},"end":{"line":12,"column":40}},"6":{"start":{"line":17,"column":1},"end":{"line":17,"column":70}},"7":{"start":{"line":17,"column":34},"end":{"line":17,"column":70}},"8":{"start":{"line":18,"column":14},"end":{"line":18,"column":42}},"9":{"start":{"line":19,"column":1},"end":{"line":19,"column":21}},"10":{"start":{"line":20,"column":1},"end":{"line":20,"column":22}},"11":{"start":{"line":21,"column":1},"end":{"line":21,"column":13}},"12":{"start":{"line":26,"column":17},"end":{"line":28,"column":1}},"13":{"start":{"line":30,"column":27},"end":{"line":61,"column":1}},"14":{"start":{"line":32,"column":2},"end":{"line":36,"column":3}},"15":{"start":{"line":33,"column":16},"end":{"line":33,"column":37}},"16":{"start":{"line":34,"column":3},"end":{"line":34,"column":59}},"17":{"start":{"line":34,"column":33},"end":{"line":34,"column":59}},"18":{"start":{"line":35,"column":3},"end":{"line":35,"column":22}},"19":{"start":{"line":37,"column":2},"end":{"line":37,"column":27}},"20":{"start":{"line":41,"column":2},"end":{"line":41,"column":52}},"21":{"start":{"line":41,"column":39},"end":{"line":41,"column":50}},"22":{"start":{"line":45,"column":2},"end":{"line":45,"column":42}},"23":{"start":{"line":45,"column":21},"end":{"line":45,"column":42}},"24":{"start":{"line":46,"column":15},"end":{"line":46,"column":36}},"25":{"start":{"line":47,"column":2},"end":{"line":47,"column":65}},"26":{"start":{"line":47,"column":24},"end":{"line":47,"column":65}},"27":{"start":{"line":48,"column":2},"end":{"line":48,"column":20}},"28":{"start":{"line":49,"column":2},"end":{"line":50,"column":32}},"29":{"start":{"line":49,"column":32},"end":{"line":49,"column":58}},"30":{"start":{"line":50,"column":7},"end":{"line":50,"column":32}},"31":{"start":{"line":51,"column":2},"end":{"line":51,"column":26}},"32":{"start":{"line":55,"column":2},"end":{"line":55,"column":40}},"33":{"start":{"line":59,"column":2},"end":{"line":59,"column":20}},"34":{"start":{"line":64,"column":13},"end":{"line":70,"column":3}},"35":{"start":{"line":67,"column":3},"end":{"line":69,"column":66}},"36":{"start":{"line":69,"column":15},"end":{"line":69,"column":65}},"37":{"start":{"line":72,"column":17},"end":{"line":72,"column":50}},"38":{"start":{"line":73,"column":1},"end":{"line":73,"column":25}},"39":{"start":{"line":74,"column":1},"end":{"line":74,"column":25}},"40":{"start":{"line":75,"column":1},"end":{"line":75,"column":18}},"41":{"start":{"line":80,"column":24},"end":{"line":91,"column":1}},"42":{"start":{"line":81,"column":14},"end":{"line":81,"column":32}},"43":{"start":{"line":81,"column":26},"end":{"line":81,"column":32}},"44":{"start":{"line":83,"column":15},"end":{"line":85,"column":3}},"45":{"start":{"line":84,"column":3},"end":{"line":84,"column":45}},"46":{"start":{"line":84,"column":27},"end":{"line":84,"column":44}},"47":{"start":{"line":86,"column":15},"end":{"line":88,"column":3}},"48":{"start":{"line":87,"column":15},"end":{"line":87,"column":32}},"49":{"start":{"line":89,"column":2},"end":{"line":89,"column":32}},"50":{"start":{"line":89,"column":15},"end":{"line":89,"column":31}},"51":{"start":{"line":94,"column":1},"end":{"line":94,"column":66}},"52":{"start":{"line":100,"column":1},"end":{"line":100,"column":68}},"53":{"start":{"line":100,"column":21},"end":{"line":100,"column":67}},"54":{"start":{"line":111,"column":1},"end":{"line":111,"column":53}},"55":{"start":{"line":112,"column":1},"end":{"line":112,"column":55}},"56":{"start":{"line":113,"column":1},"end":{"line":113,"column":36}},"57":{"start":{"line":114,"column":1},"end":{"line":116,"column":70}},"58":{"start":{"line":115,"column":2},"end":{"line":115,"column":70}},"59":{"start":{"line":115,"column":22},"end":{"line":115,"column":69}},"60":{"start":{"line":116,"column":6},"end":{"line":116,"column":70}},"61":{"start":{"line":116,"column":26},"end":{"line":116,"column":69}},"62":{"start":{"line":120,"column":1},"end":{"line":122,"column":2}},"63":{"start":{"line":121,"column":2},"end":{"line":121,"column":41}},"64":{"start":{"line":123,"column":1},"end":{"line":125,"column":64}},"65":{"start":{"line":124,"column":2},"end":{"line":124,"column":67}},"66":{"start":{"line":124,"column":22},"end":{"line":124,"column":66}},"67":{"start":{"line":125,"column":6},"end":{"line":125,"column":64}},"68":{"start":{"line":125,"column":26},"end":{"line":125,"column":63}},"69":{"start":{"line":130,"column":2},"end":{"line":130,"column":68}},"70":{"start":{"line":131,"column":20},"end":{"line":131,"column":49}},"71":{"start":{"line":132,"column":1},"end":{"line":134,"column":3}},"72":{"start":{"line":136,"column":1},"end":{"line":136,"column":50}},"73":{"start":{"line":136,"column":34},"end":{"line":136,"column":50}},"74":{"start":{"line":137,"column":1},"end":{"line":137,"column":51}},"75":{"start":{"line":137,"column":21},"end":{"line":137,"column":50}},"76":{"start":{"line":141,"column":1},"end":{"line":142,"column":22}},"77":{"start":{"line":141,"column":14},"end":{"line":141,"column":31}},"78":{"start":{"line":142,"column":6},"end":{"line":142,"column":22}},"79":{"start":{"line":145,"column":0},"end":{"line":154,"column":2}}},"fnMap":{"0":{"name":"(anonymous_0)","decl":{"start":{"line":4,"column":6},"end":{"line":4,"column":7}},"loc":{"start":{"line":4,"column":18},"end":{"line":9,"column":2}},"line":4},"1":{"name":"(anonymous_1)","decl":{"start":{"line":11,"column":1},"end":{"line":11,"column":2}},"loc":{"start":{"line":11,"column":14},"end":{"line":13,"column":2}},"line":11},"2":{"name":"buildShip","decl":{"start":{"line":16,"column":9},"end":{"line":16,"column":18}},"loc":{"start":{"line":16,"column":27},"end":{"line":22,"column":1}},"line":16},"3":{"name":"(anonymous_3)","decl":{"start":{"line":27,"column":6},"end":{"line":27,"column":7}},"loc":{"start":{"line":27,"column":18},"end":{"line":27,"column":20}},"line":27},"4":{"name":"(anonymous_4)","decl":{"start":{"line":31,"column":12},"end":{"line":31,"column":13}},"loc":{"start":{"line":31,"column":71},"end":{"line":38,"column":2}},"line":31},"5":{"name":"(anonymous_5)","decl":{"start":{"line":40,"column":1},"end":{"line":40,"column":2}},"loc":{"start":{"line":40,"column":16},"end":{"line":42,"column":2}},"line":40},"6":{"name":"(anonymous_6)","decl":{"start":{"line":41,"column":29},"end":{"line":41,"column":30}},"loc":{"start":{"line":41,"column":39},"end":{"line":41,"column":50}},"line":41},"7":{"name":"(anonymous_7)","decl":{"start":{"line":44,"column":16},"end":{"line":44,"column":17}},"loc":{"start":{"line":44,"column":33},"end":{"line":52,"column":2}},"line":44},"8":{"name":"(anonymous_8)","decl":{"start":{"line":54,"column":12},"end":{"line":54,"column":13}},"loc":{"start":{"line":54,"column":29},"end":{"line":56,"column":2}},"line":54},"9":{"name":"(anonymous_9)","decl":{"start":{"line":58,"column":1},"end":{"line":58,"column":2}},"loc":{"start":{"line":58,"column":18},"end":{"line":60,"column":2}},"line":58},"10":{"name":"buildGameboard","decl":{"start":{"line":63,"column":9},"end":{"line":63,"column":23}},"loc":{"start":{"line":63,"column":39},"end":{"line":76,"column":1}},"line":63},"11":{"name":"(anonymous_11)","decl":{"start":{"line":66,"column":7},"end":{"line":66,"column":8}},"loc":{"start":{"line":67,"column":3},"end":{"line":69,"column":66}},"line":67},"12":{"name":"(anonymous_12)","decl":{"start":{"line":69,"column":9},"end":{"line":69,"column":10}},"loc":{"start":{"line":69,"column":15},"end":{"line":69,"column":65}},"line":69},"13":{"name":"(anonymous_13)","decl":{"start":{"line":81,"column":8},"end":{"line":81,"column":9}},"loc":{"start":{"line":81,"column":14},"end":{"line":81,"column":32}},"line":81},"14":{"name":"(anonymous_14)","decl":{"start":{"line":81,"column":14},"end":{"line":81,"column":15}},"loc":{"start":{"line":81,"column":26},"end":{"line":81,"column":32}},"line":81},"15":{"name":"(anonymous_15)","decl":{"start":{"line":82,"column":12},"end":{"line":82,"column":13}},"loc":{"start":{"line":82,"column":28},"end":{"line":90,"column":2}},"line":82},"16":{"name":"(anonymous_16)","decl":{"start":{"line":83,"column":36},"end":{"line":83,"column":37}},"loc":{"start":{"line":84,"column":3},"end":{"line":84,"column":45}},"line":84},"17":{"name":"(anonymous_17)","decl":{"start":{"line":84,"column":15},"end":{"line":84,"column":16}},"loc":{"start":{"line":84,"column":27},"end":{"line":84,"column":44}},"line":84},"18":{"name":"(anonymous_18)","decl":{"start":{"line":87,"column":3},"end":{"line":87,"column":4}},"loc":{"start":{"line":87,"column":15},"end":{"line":87,"column":32}},"line":87},"19":{"name":"(anonymous_19)","decl":{"start":{"line":89,"column":9},"end":{"line":89,"column":10}},"loc":{"start":{"line":89,"column":15},"end":{"line":89,"column":31}},"line":89},"20":{"name":"createPlayer","decl":{"start":{"line":93,"column":9},"end":{"line":93,"column":21}},"loc":{"start":{"line":93,"column":46},"end":{"line":95,"column":1}},"line":93},"21":{"name":"startGame","decl":{"start":{"line":99,"column":9},"end":{"line":99,"column":18}},"loc":{"start":{"line":99,"column":30},"end":{"line":101,"column":1}},"line":99},"22":{"name":"(anonymous_22)","decl":{"start":{"line":100,"column":8},"end":{"line":100,"column":9}},"loc":{"start":{"line":100,"column":21},"end":{"line":100,"column":67}},"line":100},"23":{"name":"initializePlayer","decl":{"start":{"line":103,"column":9},"end":{"line":103,"column":25}},"loc":{"start":{"line":110,"column":2},"end":{"line":117,"column":1}},"line":110},"24":{"name":"(anonymous_24)","decl":{"start":{"line":115,"column":9},"end":{"line":115,"column":10}},"loc":{"start":{"line":115,"column":22},"end":{"line":115,"column":69}},"line":115},"25":{"name":"(anonymous_25)","decl":{"start":{"line":116,"column":13},"end":{"line":116,"column":14}},"loc":{"start":{"line":116,"column":26},"end":{"line":116,"column":69}},"line":116},"26":{"name":"placeShips","decl":{"start":{"line":119,"column":9},"end":{"line":119,"column":19}},"loc":{"start":{"line":119,"column":49},"end":{"line":126,"column":1}},"line":119},"27":{"name":"(anonymous_27)","decl":{"start":{"line":124,"column":9},"end":{"line":124,"column":10}},"loc":{"start":{"line":124,"column":22},"end":{"line":124,"column":66}},"line":124},"28":{"name":"(anonymous_28)","decl":{"start":{"line":125,"column":13},"end":{"line":125,"column":14}},"loc":{"start":{"line":125,"column":26},"end":{"line":125,"column":63}},"line":125},"29":{"name":"turn","decl":{"start":{"line":128,"column":9},"end":{"line":128,"column":13}},"loc":{"start":{"line":128,"column":42},"end":{"line":138,"column":1}},"line":128},"30":{"name":"(anonymous_30)","decl":{"start":{"line":137,"column":8},"end":{"line":137,"column":9}},"loc":{"start":{"line":137,"column":21},"end":{"line":137,"column":50}},"line":137},"31":{"name":"gameOver","decl":{"start":{"line":140,"column":9},"end":{"line":140,"column":17}},"loc":{"start":{"line":140,"column":27},"end":{"line":143,"column":1}},"line":140}},"branchMap":{"0":{"loc":{"start":{"line":5,"column":2},"end":{"line":8,"column":22}},"type":"if","locations":[{"start":{"line":5,"column":2},"end":{"line":8,"column":22}},{"start":{"line":5,"column":2},"end":{"line":8,"column":22}}],"line":5},"1":{"loc":{"start":{"line":17,"column":1},"end":{"line":17,"column":70}},"type":"if","locations":[{"start":{"line":17,"column":1},"end":{"line":17,"column":70}},{"start":{"line":17,"column":1},"end":{"line":17,"column":70}}],"line":17},"2":{"loc":{"start":{"line":17,"column":5},"end":{"line":17,"column":32}},"type":"binary-expr","locations":[{"start":{"line":17,"column":5},"end":{"line":17,"column":18}},{"start":{"line":17,"column":22},"end":{"line":17,"column":32}}],"line":17},"3":{"loc":{"start":{"line":31,"column":34},"end":{"line":31,"column":69}},"type":"default-arg","locations":[{"start":{"line":31,"column":41},"end":{"line":31,"column":69}}],"line":31},"4":{"loc":{"start":{"line":34,"column":3},"end":{"line":34,"column":59}},"type":"if","locations":[{"start":{"line":34,"column":3},"end":{"line":34,"column":59}},{"start":{"line":34,"column":3},"end":{"line":34,"column":59}}],"line":34},"5":{"loc":{"start":{"line":45,"column":2},"end":{"line":45,"column":42}},"type":"if","locations":[{"start":{"line":45,"column":2},"end":{"line":45,"column":42}},{"start":{"line":45,"column":2},"end":{"line":45,"column":42}}],"line":45},"6":{"loc":{"start":{"line":47,"column":2},"end":{"line":47,"column":65}},"type":"if","locations":[{"start":{"line":47,"column":2},"end":{"line":47,"column":65}},{"start":{"line":47,"column":2},"end":{"line":47,"column":65}}],"line":47},"7":{"loc":{"start":{"line":49,"column":2},"end":{"line":50,"column":32}},"type":"if","locations":[{"start":{"line":49,"column":2},"end":{"line":50,"column":32}},{"start":{"line":49,"column":2},"end":{"line":50,"column":32}}],"line":49},"8":{"loc":{"start":{"line":99,"column":19},"end":{"line":99,"column":28}},"type":"default-arg","locations":[{"start":{"line":99,"column":26},"end":{"line":99,"column":28}}],"line":99},"9":{"loc":{"start":{"line":114,"column":1},"end":{"line":116,"column":70}},"type":"if","locations":[{"start":{"line":114,"column":1},"end":{"line":116,"column":70}},{"start":{"line":114,"column":1},"end":{"line":116,"column":70}}],"line":114},"10":{"loc":{"start":{"line":123,"column":1},"end":{"line":125,"column":64}},"type":"if","locations":[{"start":{"line":123,"column":1},"end":{"line":125,"column":64}},{"start":{"line":123,"column":1},"end":{"line":125,"column":64}}],"line":123},"11":{"loc":{"start":{"line":130,"column":2},"end":{"line":130,"column":68}},"type":"cond-expr","locations":[{"start":{"line":130,"column":32},"end":{"line":130,"column":49}},{"start":{"line":130,"column":52},"end":{"line":130,"column":68}}],"line":130},"12":{"loc":{"start":{"line":136,"column":1},"end":{"line":136,"column":50}},"type":"if","locations":[{"start":{"line":136,"column":1},"end":{"line":136,"column":50}},{"start":{"line":136,"column":1},"end":{"line":136,"column":50}}],"line":136},"13":{"loc":{"start":{"line":141,"column":1},"end":{"line":142,"column":22}},"type":"if","locations":[{"start":{"line":141,"column":1},"end":{"line":142,"column":22}},{"start":{"line":141,"column":1},"end":{"line":142,"column":22}}],"line":141}},"s":{"0":1,"1":53,"2":52,"3":52,"4":1,"5":136,"6":37,"7":0,"8":37,"9":37,"10":37,"11":37,"12":1,"13":1,"14":28,"15":73,"16":73,"17":0,"18":73,"19":28,"20":110,"21":127,"22":61,"23":1,"24":60,"25":60,"26":2,"27":58,"28":58,"29":15,"30":43,"31":58,"32":133,"33":52,"34":26,"35":520,"36":10400,"37":26,"38":26,"39":26,"40":26,"41":1,"42":41,"43":41,"44":103,"45":548,"46":4999,"47":103,"48":549,"49":103,"50":103,"51":17,"52":6,"53":6,"54":12,"55":12,"56":12,"57":12,"58":6,"59":6,"60":6,"61":6,"62":12,"63":14,"64":12,"65":6,"66":6,"67":6,"68":6,"69":46,"70":46,"71":46,"72":46,"73":6,"74":40,"75":40,"76":0,"77":0,"78":0,"79":1},"f":{"0":53,"1":136,"2":37,"3":15,"4":28,"5":110,"6":127,"7":61,"8":133,"9":52,"10":26,"11":520,"12":10400,"13":41,"14":41,"15":103,"16":548,"17":4999,"18":549,"19":103,"20":17,"21":6,"22":6,"23":12,"24":6,"25":6,"26":12,"27":6,"28":6,"29":46,"30":40,"31":0},"b":{"0":[52,1],"1":[0,37],"2":[37,37],"3":[28],"4":[0,73],"5":[1,60],"6":[2,58],"7":[15,43],"8":[0],"9":[6,6],"10":[6,6],"11":[25,21],"12":[6,40],"13":[0,0]},"_coverageSchema":"1a1c01bbd47fc00a2c39e90264f33305004495a9","hash":"47870a7c8c9b42d5987af33db4e17bf29d79c4c8"}
}
