TN:
SF:src/adapter.js
FN:43,reset
FN:56,startNewGame
FN:66,submitPlayerInfo
FN:91,submitShipPlacementInfo
FN:107,addShipLocation
FN:118,submitShipCreation
FN:130,submitAttack
FN:146,updateNextButton
FN:154,createTypeSelectButton
FN:156,(anonymous_9)
FN:162,createBoard
FN:173,createBoardSquare
FN:176,(anonymous_12)
FN:179,(anonymous_13)
FN:182,(anonymous_14)
FN:190,(anonymous_15)
FN:193,(anonymous_16)
FN:198,(anonymous_17)
FNF:18
FNH:18
FNDA:19,reset
FNDA:17,startNewGame
FNDA:25,submitPlayerInfo
FNDA:16,submitShipPlacementInfo
FNDA:128,addShipLocation
FNDA:128,submitShipCreation
FNDA:12,submitAttack
FNDA:58,updateNextButton
FNDA:2,createTypeSelectButton
FNDA:25,(anonymous_9)
FNDA:25,createBoard
FNDA:2500,createBoardSquare
FNDA:112,(anonymous_12)
FNDA:128,(anonymous_13)
FNDA:128,(anonymous_14)
FNDA:13,(anonymous_15)
FNDA:5,(anonymous_16)
FNDA:42,(anonymous_17)
DA:7,1
DA:11,1
DA:25,1
DA:26,1
DA:28,1
DA:30,1
DA:35,1
DA:41,1
DA:44,19
DA:45,19
DA:46,19
DA:47,19
DA:48,19
DA:49,19
DA:50,19
DA:51,19
DA:57,17
DA:58,17
DA:59,17
DA:60,17
DA:61,17
DA:67,25
DA:75,25
DA:76,25
DA:77,25
DA:78,25
DA:79,13
DA:80,13
DA:81,13
DA:82,12
DA:83,12
DA:84,12
DA:85,12
DA:92,16
DA:93,16
DA:94,16
DA:95,9
DA:96,9
DA:97,7
DA:98,7
DA:99,7
DA:100,7
DA:105,1
DA:108,128
DA:109,128
DA:110,128
DA:111,234
DA:112,234
DA:113,234
DA:115,128
DA:119,128
DA:120,128
DA:121,128
DA:122,128
DA:123,128
DA:124,128
DA:125,128
DA:131,12
DA:132,12
DA:133,11
DA:136,1
DA:140,0
DA:147,58
DA:148,58
DA:155,2
DA:156,2
DA:157,25
DA:159,2
DA:163,25
DA:164,25
DA:165,250
DA:166,250
DA:167,2500
DA:170,25
DA:174,2500
DA:175,2500
DA:176,2500
DA:177,112
DA:179,2500
DA:180,128
DA:182,2500
DA:183,128
DA:185,2500
DA:188,1
DA:191,13
DA:194,5
DA:199,42
LF:87
LH:86
BRDA:78,0,0,13
BRDA:78,0,1,12
BRDA:82,1,0,12
BRDA:82,1,1,0
BRDA:94,2,0,9
BRDA:94,2,1,7
BRDA:97,3,0,7
BRDA:97,3,1,0
BRDA:121,4,0,109
BRDA:121,4,1,19
BRDA:122,5,0,109
BRDA:122,5,1,19
BRDA:134,6,0,7
BRDA:134,6,1,4
BRDA:136,7,0,1
BRDA:136,7,1,0
BRDA:137,8,0,1
BRDA:137,8,1,1
BRDA:177,9,0,12
BRDA:177,9,1,100
BRDA:180,10,0,128
BRDA:180,10,1,0
BRDA:183,11,0,128
BRDA:183,11,1,0
BRF:24
BRH:19
end_of_record
TN:
SF:src/battleship.js
FN:4,(anonymous_0)
FN:11,(anonymous_1)
FN:16,buildShip
FN:27,(anonymous_3)
FN:31,(anonymous_4)
FN:40,(anonymous_5)
FN:41,(anonymous_6)
FN:44,(anonymous_7)
FN:54,(anonymous_8)
FN:58,(anonymous_9)
FN:63,buildGameboard
FN:66,(anonymous_11)
FN:69,(anonymous_12)
FN:81,(anonymous_13)
FN:81,(anonymous_14)
FN:82,(anonymous_15)
FN:83,(anonymous_16)
FN:84,(anonymous_17)
FN:87,(anonymous_18)
FN:89,(anonymous_19)
FN:93,createPlayer
FN:99,startGame
FN:100,(anonymous_22)
FN:103,initializePlayer
FN:115,(anonymous_24)
FN:116,(anonymous_25)
FN:119,placeShips
FN:124,(anonymous_27)
FN:125,(anonymous_28)
FN:128,turn
FN:137,(anonymous_30)
FN:140,gameOver
FNF:32
FNH:31
FNDA:53,(anonymous_0)
FNDA:136,(anonymous_1)
FNDA:37,buildShip
FNDA:15,(anonymous_3)
FNDA:28,(anonymous_4)
FNDA:110,(anonymous_5)
FNDA:127,(anonymous_6)
FNDA:61,(anonymous_7)
FNDA:133,(anonymous_8)
FNDA:52,(anonymous_9)
FNDA:26,buildGameboard
FNDA:520,(anonymous_11)
FNDA:10400,(anonymous_12)
FNDA:41,(anonymous_13)
FNDA:41,(anonymous_14)
FNDA:103,(anonymous_15)
FNDA:548,(anonymous_16)
FNDA:4999,(anonymous_17)
FNDA:549,(anonymous_18)
FNDA:103,(anonymous_19)
FNDA:17,createPlayer
FNDA:6,startGame
FNDA:6,(anonymous_22)
FNDA:12,initializePlayer
FNDA:6,(anonymous_24)
FNDA:6,(anonymous_25)
FNDA:12,placeShips
FNDA:6,(anonymous_27)
FNDA:6,(anonymous_28)
FNDA:46,turn
FNDA:40,(anonymous_30)
FNDA:0,gameOver
DA:3,1
DA:5,53
DA:6,52
DA:7,52
DA:8,1
DA:12,136
DA:17,37
DA:18,37
DA:19,37
DA:20,37
DA:21,37
DA:26,1
DA:30,1
DA:32,28
DA:33,73
DA:34,73
DA:35,73
DA:37,28
DA:41,127
DA:45,61
DA:46,60
DA:47,60
DA:48,58
DA:49,58
DA:50,43
DA:51,58
DA:55,133
DA:59,52
DA:64,26
DA:67,520
DA:69,10400
DA:72,26
DA:73,26
DA:74,26
DA:75,26
DA:80,1
DA:81,41
DA:83,103
DA:84,4999
DA:86,103
DA:87,549
DA:89,103
DA:94,17
DA:100,6
DA:111,12
DA:112,12
DA:113,12
DA:114,12
DA:115,6
DA:116,6
DA:120,12
DA:121,14
DA:123,12
DA:124,6
DA:125,6
DA:130,46
DA:131,46
DA:132,46
DA:136,46
DA:137,40
DA:141,0
DA:142,0
DA:145,1
LF:63
LH:61
BRDA:5,0,0,52
BRDA:5,0,1,1
BRDA:17,1,0,0
BRDA:17,1,1,37
BRDA:17,2,0,37
BRDA:17,2,1,37
BRDA:31,3,0,28
BRDA:34,4,0,0
BRDA:34,4,1,73
BRDA:45,5,0,1
BRDA:45,5,1,60
BRDA:47,6,0,2
BRDA:47,6,1,58
BRDA:49,7,0,15
BRDA:49,7,1,43
BRDA:99,8,0,0
BRDA:114,9,0,6
BRDA:114,9,1,6
BRDA:123,10,0,6
BRDA:123,10,1,6
BRDA:130,11,0,25
BRDA:130,11,1,21
BRDA:136,12,0,6
BRDA:136,12,1,40
BRDA:141,13,0,0
BRDA:141,13,1,0
BRF:26
BRH:21
end_of_record
